#
# A fatal error has been detected by the Java Runtime Environment:
#
#  EXCEPTION_ACCESS_VIOLATION (0xc0000005) at pc=0x00000000591b1761, pid=4000, tid=2956
#
# JRE version: Java(TM) SE Runtime Environment (7.0_60-b19) (build 1.7.0_60-b19)
# Java VM: Java HotSpot(TM) 64-Bit Server VM (24.60-b09 mixed mode windows-amd64 compressed oops)
# Problematic frame:
# V  [jvm.dll+0x391761]
#
# Failed to write core dump. Minidumps are not enabled by default on client versions of Windows
#
# If you would like to submit a bug report, please visit:
#   http://bugreport.sun.com/bugreport/crash.jsp
#

---------------  T H R E A D  ---------------

Current thread (0x0000000001f19800):  GCTaskThread [stack: 0x0000000005630000,0x0000000005730000] [id=2956]

siginfo: ExceptionCode=0xc0000005, reading address 0x0000000000010078

Registers:
RAX=0x000000000000ffd0, RBX=0x00000000bcc01380, RCX=0x0000000000410010, RDX=0x00000000bcc01380
RSP=0x000000000572fc20, RBP=0x000000000000000c, RSI=0x00000000bcc01380, RDI=0x00000000bcc01600
R8 =0x0000000001d65008, R9 =0x0000000000000000, R10=0x0000000001d60000, R11=0x000000000177f000
R12=0x00000000050c65d7, R13=0x0000000000000004, R14=0x00000000050c500b, R15=0x0000000001f11250
RIP=0x00000000591b1761, EFLAGS=0x0000000000010246

Top of Stack: (sp=0x000000000572fc20)
0x000000000572fc20:   00000000050c65d7 0000000001f13d10
0x000000000572fc30:   0000000000000004 00000000050c65d7
0x000000000572fc40:   0000000001f13d10 00000000591b183c
0x000000000572fc50:   00000000bcc00600 00000000bcc00600
0x000000000572fc60:   00000000050c500c 00000000f3c75955
0x000000000572fc70:   0000000001f19f40 0000000001f14630
0x000000000572fc80:   00000000593e61a8 0000000001f19f50
0x000000000572fc90:   0000000007d7eea0 0000000001f1bd00
0x000000000572fca0:   0000000007cb5540 00000000591c5c50
0x000000000572fcb0:   0000000001f11250 0000000001f13d10
0x000000000572fcc0:   0000000000000000 00000000bcebaef8
0x000000000572fcd0:   0000000007d7eea0 0000000000000000
0x000000000572fce0:   0000000007cb5540 00000000591b394e
0x000000000572fcf0:   0000000001f19800 0000000000000000
0x000000000572fd00:   0000000001f1bd00 0000000000000000
0x000000000572fd10:   0000000001f19800 0000000001f0d510 

Instructions: (pc=0x00000000591b1761)
0x00000000591b1741:   0f b6 c8 49 8d 04 10 49 f7 d0 4c 03 c8 49 c1 e8
0x00000000591b1751:   03 49 c1 e9 03 45 23 c8 eb 0f 48 8b 01 48 8b d3
0x00000000591b1761:   ff 90 a8 00 00 00 44 8b c8 49 63 c1 48 8d 1c c3
0x00000000591b1771:   48 3b df 0f 86 56 ff ff ff 48 8b 6c 24 30 48 8b 


Register to memory mapping:

RAX=0x000000000000ffd0 is an unknown value
RBX=
[error occurred during error reporting (printing register info), id 0xc0000005]

Stack: [0x0000000005630000,0x0000000005730000],  sp=0x000000000572fc20,  free space=1023k
Native frames: (J=compiled Java code, j=interpreted, Vv=VM code, C=native code)
V  [jvm.dll+0x391761]


---------------  P R O C E S S  ---------------

Java Threads: ( => current thread )
  0x0000000007dd1000 JavaThread "Service Thread" daemon [_thread_blocked, id=3808, stack(0x0000000009530000,0x0000000009630000)]
  0x0000000007dcc000 JavaThread "C2 CompilerThread1" daemon [_thread_blocked, id=2636, stack(0x0000000009430000,0x0000000009530000)]
  0x0000000007dc2800 JavaThread "C2 CompilerThread0" daemon [_thread_blocked, id=6328, stack(0x0000000009330000,0x0000000009430000)]
  0x0000000007dc1800 JavaThread "Attach Listener" daemon [_thread_blocked, id=4672, stack(0x0000000009230000,0x0000000009330000)]
  0x0000000007dbe800 JavaThread "Signal Dispatcher" daemon [_thread_blocked, id=3168, stack(0x0000000009130000,0x0000000009230000)]
  0x0000000007d8e800 JavaThread "Finalizer" daemon [_thread_blocked, id=4320, stack(0x0000000009030000,0x0000000009130000)]
  0x0000000007d85000 JavaThread "Reference Handler" daemon [_thread_blocked, id=436, stack(0x0000000008f30000,0x0000000009030000)]
  0x0000000001dfd800 JavaThread "main" [_thread_blocked, id=6492, stack(0x0000000001e00000,0x0000000001f00000)]

Other Threads:
  0x0000000007d81000 VMThread [stack: 0x0000000008e30000,0x0000000008f30000] [id=4392]
  0x0000000007def000 WatcherThread [stack: 0x0000000009630000,0x0000000009730000] [id=5908]

=>0x0000000001f19800 (exited) GCTaskThread [stack: 0x0000000005630000,0x0000000005730000] [id=2956]

VM state:at safepoint (normal execution)

VM Mutex/Monitor currently owned by a thread:  ([mutex/lock_event])
[0x0000000001dfc420] Threads_lock - owner thread: 0x0000000007d81000
[0x0000000001dfca20] Heap_lock - owner thread: 0x0000000001dfd800

Heap
 PSYoungGen      total 68096K, used 68096K [0x00000000eb100000, 0x00000000f4000000, 0x0000000100000000)
  eden space 65536K, 100% used [0x00000000eb100000,0x00000000ef100000,0x00000000ef100000)
  from space 2560K, 100% used [0x00000000ef100000,0x00000000ef380000,0x00000000ef380000)
  to   space 7680K, 57% used [0x00000000f3880000,0x00000000f3cd4010,0x00000000f4000000)
 ParOldGen       total 42496K, used 10596K [0x00000000c1400000, 0x00000000c3d80000, 0x00000000eb100000)
  object space 42496K, 24% used [0x00000000c1400000,0x00000000c1e59090,0x00000000c3d80000)
 PSPermGen       total 21504K, used 13035K [0x00000000bc200000, 0x00000000bd700000, 0x00000000c1400000)
  object space 21504K, 60% used [0x00000000bc200000,0x00000000bcebaef8,0x00000000bd700000)

Card table byte_map: [0x00000000050c0000,0x00000000052e0000] byte_map_base: 0x0000000004adf000

Polling page: 0x00000000005f0000

Code Cache  [0x0000000002000000, 0x0000000002270000, 0x0000000005000000)
 total_blobs=742 nmethods=463 adapters=231 free_code_cache=47447Kb largest_free_block=48528384

Compilation events (10 events):
Event: 8.852 Thread 0x0000000007dcc000 nmethod 467 0x00000000020f2190 code [0x00000000020f2320, 0x00000000020f38c8]
Event: 8.860 Thread 0x0000000007dcc000  475             org.codehaus.plexus.util.AbstractScanner::matchPath (7 bytes)
Event: 8.869 Thread 0x0000000007dcc000 nmethod 475 0x00000000020df990 code [0x00000000020dfb40, 0x00000000020dfe90]
Event: 8.869 Thread 0x0000000007dcc000  476             org.codehaus.plexus.util.SelectorUtils::matchPath (129 bytes)
Event: 8.879 Thread 0x0000000007dcc000 nmethod 476 0x0000000002195690 code [0x0000000002195840, 0x0000000002195b90]
Event: 8.879 Thread 0x0000000007dcc000  477             org.codehaus.plexus.util.AbstractScanner::isExcluded (38 bytes)
Event: 8.892 Thread 0x0000000007dcc000 nmethod 477 0x0000000002194a10 code [0x0000000002194bc0, 0x00000000021950b0]
Event: 8.901 Thread 0x0000000007dc2800 nmethod 474 0x00000000021b5310 code [0x00000000021b5580, 0x00000000021b6e70]
Event: 85.744 Thread 0x0000000007dcc000  479             java.io.File::isInvalid (47 bytes)
Event: 85.750 Thread 0x0000000007dcc000 nmethod 479 0x000000000219e990 code [0x000000000219eae0, 0x000000000219ec78]

GC Heap History (10 events):
Event: 1.617 GC heap after
Heap after GC invocations=1 (full 0):
 PSYoungGen      total 18944K, used 2544K [0x00000000eb100000, 0x00000000ed600000, 0x0000000100000000)
  eden space 16384K, 0% used [0x00000000eb100000,0x00000000eb100000,0x00000000ec100000)
  from space 2560K, 99% used [0x00000000ec100000,0x00000000ec37c288,0x00000000ec380000)
  to   space 2560K, 0% used [0x00000000ed380000,0x00000000ed380000,0x00000000ed600000)
 ParOldGen       total 42496K, used 443K [0x00000000c1400000, 0x00000000c3d80000, 0x00000000eb100000)
  object space 42496K, 1% used [0x00000000c1400000,0x00000000c146ece0,0x00000000c3d80000)
 PSPermGen       total 21504K, used 6636K [0x00000000bc200000, 0x00000000bd700000, 0x00000000c1400000)
  object space 21504K, 30% used [0x00000000bc200000,0x00000000bc87b208,0x00000000bd700000)
}
Event: 2.699 GC heap before
{Heap before GC invocations=2 (full 0):
 PSYoungGen      total 18944K, used 18928K [0x00000000eb100000, 0x00000000ed600000, 0x0000000100000000)
  eden space 16384K, 100% used [0x00000000eb100000,0x00000000ec100000,0x00000000ec100000)
  from space 2560K, 99% used [0x00000000ec100000,0x00000000ec37c288,0x00000000ec380000)
  to   space 2560K, 0% used [0x00000000ed380000,0x00000000ed380000,0x00000000ed600000)
 ParOldGen       total 42496K, used 443K [0x00000000c1400000, 0x00000000c3d80000, 0x00000000eb100000)
  object space 42496K, 1% used [0x00000000c1400000,0x00000000c146ece0,0x00000000c3d80000)
 PSPermGen       total 21504K, used 7679K [0x00000000bc200000, 0x00000000bd700000, 0x00000000c1400000)
  object space 21504K, 35% used [0x00000000bc200000,0x00000000bc97ff48,0x00000000bd700000)
Event: 2.717 GC heap after
Heap after GC invocations=2 (full 0):
 PSYoungGen      total 35328K, used 2537K [0x00000000eb100000, 0x00000000ed600000, 0x0000000100000000)
  eden space 32768K, 0% used [0x00000000eb100000,0x00000000eb100000,0x00000000ed100000)
  from space 2560K, 99% used [0x00000000ed380000,0x00000000ed5fa408,0x00000000ed600000)
  to   space 2560K, 0% used [0x00000000ed100000,0x00000000ed100000,0x00000000ed380000)
 ParOldGen       total 42496K, used 504K [0x00000000c1400000, 0x00000000c3d80000, 0x00000000eb100000)
  object space 42496K, 1% used [0x00000000c1400000,0x00000000c147e170,0x00000000c3d80000)
 PSPermGen       total 21504K, used 7679K [0x00000000bc200000, 0x00000000bd700000, 0x00000000c1400000)
  object space 21504K, 35% used [0x00000000bc200000,0x00000000bc97ff48,0x00000000bd700000)
}
Event: 5.648 GC heap before
{Heap before GC invocations=3 (full 0):
 PSYoungGen      total 35328K, used 35305K [0x00000000eb100000, 0x00000000ed600000, 0x0000000100000000)
  eden space 32768K, 100% used [0x00000000eb100000,0x00000000ed100000,0x00000000ed100000)
  from space 2560K, 99% used [0x00000000ed380000,0x00000000ed5fa408,0x00000000ed600000)
  to   space 2560K, 0% used [0x00000000ed100000,0x00000000ed100000,0x00000000ed380000)
 ParOldGen       total 42496K, used 504K [0x00000000c1400000, 0x00000000c3d80000, 0x00000000eb100000)
  object space 42496K, 1% used [0x00000000c1400000,0x00000000c147e170,0x00000000c3d80000)
 PSPermGen       total 21504K, used 11942K [0x00000000bc200000, 0x00000000bd700000, 0x00000000c1400000)
  object space 21504K, 55% used [0x00000000bc200000,0x00000000bcda9888,0x00000000bd700000)
Event: 5.698 GC heap after
Heap after GC invocations=3 (full 0):
 PSYoungGen      total 35328K, used 2544K [0x00000000eb100000, 0x00000000ef600000, 0x0000000100000000)
  eden space 32768K, 0% used [0x00000000eb100000,0x00000000eb100000,0x00000000ed100000)
  from space 2560K, 99% used [0x00000000ed100000,0x00000000ed37c010,0x00000000ed380000)
  to   space 2560K, 0% used [0x00000000ef380000,0x00000000ef380000,0x00000000ef600000)
 ParOldGen       total 42496K, used 4726K [0x00000000c1400000, 0x00000000c3d80000, 0x00000000eb100000)
  object space 42496K, 11% used [0x00000000c1400000,0x00000000c189db20,0x00000000c3d80000)
 PSPermGen       total 21504K, used 11942K [0x00000000bc200000, 0x00000000bd700000, 0x00000000c1400000)
  object space 21504K, 55% used [0x00000000bc200000,0x00000000bcda9888,0x00000000bd700000)
}
Event: 7.051 GC heap before
{Heap before GC invocations=4 (full 0):
 PSYoungGen      total 35328K, used 35312K [0x00000000eb100000, 0x00000000ef600000, 0x0000000100000000)
  eden space 32768K, 100% used [0x00000000eb100000,0x00000000ed100000,0x00000000ed100000)
  from space 2560K, 99% used [0x00000000ed100000,0x00000000ed37c010,0x00000000ed380000)
  to   space 2560K, 0% used [0x00000000ef380000,0x00000000ef380000,0x00000000ef600000)
 ParOldGen       total 42496K, used 4726K [0x00000000c1400000, 0x00000000c3d80000, 0x00000000eb100000)
  object space 42496K, 11% used [0x00000000c1400000,0x00000000c189db20,0x00000000c3d80000)
 PSPermGen       total 21504K, used 12240K [0x00000000bc200000, 0x00000000bd700000, 0x00000000c1400000)
  object space 21504K, 56% used [0x00000000bc200000,0x00000000bcdf4148,0x00000000bd700000)
Event: 7.069 GC heap after
Heap after GC invocations=4 (full 0):
 PSYoungGen      total 68096K, used 2528K [0x00000000eb100000, 0x00000000ef600000, 0x0000000100000000)
  eden space 65536K, 0% used [0x00000000eb100000,0x00000000eb100000,0x00000000ef100000)
  from space 2560K, 98% used [0x00000000ef380000,0x00000000ef5f8020,0x00000000ef600000)
  to   space 2560K, 0% used [0x00000000ef100000,0x00000000ef100000,0x00000000ef380000)
 ParOldGen       total 42496K, used 7104K [0x00000000c1400000, 0x00000000c3d80000, 0x00000000eb100000)
  object space 42496K, 16% used [0x00000000c1400000,0x00000000c1af0080,0x00000000c3d80000)
 PSPermGen       total 21504K, used 12240K [0x00000000bc200000, 0x00000000bd700000, 0x00000000c1400000)
  object space 21504K, 56% used [0x00000000bc200000,0x00000000bcdf4148,0x00000000bd700000)
}
Event: 7.929 GC heap before
{Heap before GC invocations=5 (full 0):
 PSYoungGen      total 68096K, used 68064K [0x00000000eb100000, 0x00000000ef600000, 0x0000000100000000)
  eden space 65536K, 100% used [0x00000000eb100000,0x00000000ef100000,0x00000000ef100000)
  from space 2560K, 98% used [0x00000000ef380000,0x00000000ef5f8020,0x00000000ef600000)
  to   space 2560K, 0% used [0x00000000ef100000,0x00000000ef100000,0x00000000ef380000)
 ParOldGen       total 42496K, used 7104K [0x00000000c1400000, 0x00000000c3d80000, 0x00000000eb100000)
  object space 42496K, 16% used [0x00000000c1400000,0x00000000c1af0080,0x00000000c3d80000)
 PSPermGen       total 21504K, used 12369K [0x00000000bc200000, 0x00000000bd700000, 0x00000000c1400000)
  object space 21504K, 57% used [0x00000000bc200000,0x00000000bce14498,0x00000000bd700000)
Event: 7.947 GC heap after
Heap after GC invocations=5 (full 0):
 PSYoungGen      total 68096K, used 2560K [0x00000000eb100000, 0x00000000f4000000, 0x0000000100000000)
  eden space 65536K, 0% used [0x00000000eb100000,0x00000000eb100000,0x00000000ef100000)
  from space 2560K, 100% used [0x00000000ef100000,0x00000000ef380000,0x00000000ef380000)
  to   space 7680K, 0% used [0x00000000f3880000,0x00000000f3880000,0x00000000f4000000)
 ParOldGen       total 42496K, used 10588K [0x00000000c1400000, 0x00000000c3d80000, 0x00000000eb100000)
  object space 42496K, 24% used [0x00000000c1400000,0x00000000c1e57090,0x00000000c3d80000)
 PSPermGen       total 21504K, used 12369K [0x00000000bc200000, 0x00000000bd700000, 0x00000000c1400000)
  object space 21504K, 57% used [0x00000000bc200000,0x00000000bce14498,0x00000000bd700000)
}
Event: 90.006 GC heap before
{Heap before GC invocations=6 (full 0):
 PSYoungGen      total 68096K, used 68096K [0x00000000eb100000, 0x00000000f4000000, 0x0000000100000000)
  eden space 65536K, 100% used [0x00000000eb100000,0x00000000ef100000,0x00000000ef100000)
  from space 2560K, 100% used [0x00000000ef100000,0x00000000ef380000,0x00000000ef380000)
  to   space 7680K, 0% used [0x00000000f3880000,0x00000000f3880000,0x00000000f4000000)
 ParOldGen       total 42496K, used 10588K [0x00000000c1400000, 0x00000000c3d80000, 0x00000000eb100000)
  object space 42496K, 24% used [0x00000000c1400000,0x00000000c1e57090,0x00000000c3d80000)
 PSPermGen       total 21504K, used 13035K [0x00000000bc200000, 0x00000000bd700000, 0x00000000c1400000)
  object space 21504K, 60% used [0x00000000bc200000,0x00000000bcebaef8,0x00000000bd700000)

Deoptimization events (10 events):
Event: 8.591 Thread 0x0000000001dfd800 Uncommon trap: reason=class_check action=maybe_recompile pc=0x00000000020cd838 method=org.sonatype.guice.plexus.locators.RealmFilter$FilteredItr.hasNext()Z @ 47
Event: 8.626 Thread 0x0000000001dfd800 Uncommon trap: reason=bimorphic action=maybe_recompile pc=0x000000000213e898 method=java.util.regex.Pattern$Curly.study(Ljava/util/regex/Pattern$TreeInfo;)Z @ 31
Event: 8.626 Thread 0x0000000001dfd800 Uncommon trap: reason=bimorphic action=maybe_recompile pc=0x0000000002145784 method=java.util.regex.Pattern$CharProperty.study(Ljava/util/regex/Pattern$TreeInfo;)Z @ 25
Event: 8.626 Thread 0x0000000001dfd800 Uncommon trap: reason=bimorphic action=maybe_recompile pc=0x000000000213e898 method=java.util.regex.Pattern$Curly.study(Ljava/util/regex/Pattern$TreeInfo;)Z @ 31
Event: 8.626 Thread 0x0000000001dfd800 Uncommon trap: reason=bimorphic action=maybe_recompile pc=0x000000000213e898 method=java.util.regex.Pattern$Curly.study(Ljava/util/regex/Pattern$TreeInfo;)Z @ 31
Event: 8.626 Thread 0x0000000001dfd800 Uncommon trap: reason=bimorphic action=maybe_recompile pc=0x0000000002145784 method=java.util.regex.Pattern$CharProperty.study(Ljava/util/regex/Pattern$TreeInfo;)Z @ 25
Event: 8.651 Thread 0x0000000001dfd800 Uncommon trap: reason=class_check action=maybe_recompile pc=0x00000000021259ec method=java.util.Arrays.copyOf([Ljava/lang/Object;ILjava/lang/Class;)[Ljava/lang/Object; @ 25
Event: 8.702 Thread 0x0000000001dfd800 Uncommon trap: reason=class_check action=maybe_recompile pc=0x00000000021259ec method=java.util.Arrays.copyOf([Ljava/lang/Object;ILjava/lang/Class;)[Ljava/lang/Object; @ 25
Event: 8.702 Thread 0x0000000001dfd800 Uncommon trap: reason=class_check action=maybe_recompile pc=0x00000000021259ec method=java.util.Arrays.copyOf([Ljava/lang/Object;ILjava/lang/Class;)[Ljava/lang/Object; @ 25
Event: 89.680 Thread 0x0000000001dfd800 Uncommon trap: reason=class_check action=maybe_recompile pc=0x00000000021259ec method=java.util.Arrays.copyOf([Ljava/lang/Object;ILjava/lang/Class;)[Ljava/lang/Object; @ 25

Internal exceptions (10 events):
Event: 8.651 Thread 0x0000000001dfd800 Threw 0x00000000eda23a88 at C:\re\jdk7u60\1081\hotspot\src\share\vm\prims\jvm.cpp:1244
Event: 8.702 Thread 0x0000000001dfd800 Threw 0x00000000edb8b188 at C:\re\jdk7u60\1081\hotspot\src\share\vm\prims\jvm.cpp:1244
Event: 8.913 Thread 0x0000000001dfd800 Threw 0x00000000eed23c30 at C:\re\jdk7u60\1081\hotspot\src\share\vm\prims\jvm.cpp:1244
Event: 8.916 Thread 0x0000000001dfd800 Threw 0x00000000eed393a0 at C:\re\jdk7u60\1081\hotspot\src\share\vm\prims\jvm.cpp:1244
Event: 8.918 Thread 0x0000000001dfd800 Threw 0x00000000eed3d778 at C:\re\jdk7u60\1081\hotspot\src\share\vm\prims\jvm.cpp:1244
Event: 8.919 Thread 0x0000000001dfd800 Threw 0x00000000eed41238 at C:\re\jdk7u60\1081\hotspot\src\share\vm\prims\jvm.cpp:1244
Event: 89.681 Thread 0x0000000001dfd800 Threw 0x00000000ef0cfd90 at C:\re\jdk7u60\1081\hotspot\src\share\vm\prims\jvm.cpp:1244
Event: 89.681 Thread 0x0000000001dfd800 Threw 0x00000000ef0d0580 at C:\re\jdk7u60\1081\hotspot\src\share\vm\prims\jvm.cpp:1244
Event: 89.682 Thread 0x0000000001dfd800 Threw 0x00000000ef0d5420 at C:\re\jdk7u60\1081\hotspot\src\share\vm\prims\jvm.cpp:1244
Event: 89.682 Thread 0x0000000001dfd800 Threw 0x00000000ef0d5c00 at C:\re\jdk7u60\1081\hotspot\src\share\vm\prims\jvm.cpp:1244

Events (10 events):
Event: 89.680 Thread 0x0000000001dfd800 DEOPT UNPACKING pc=0x00000000020375a4 sp=0x0000000001efe2c0 mode 2
Event: 89.680 loading class 0x000000000a175560
Event: 89.680 loading class 0x000000000a175560 done
Event: 89.680 loading class 0x000000000a175560
Event: 89.680 loading class 0x000000000a175560 done
Event: 89.681 loading class 0x0000000009a30f20
Event: 89.681 loading class 0x0000000009a30f20 done
Event: 89.681 loading class 0x0000000009f80f30
Event: 89.681 loading class 0x0000000009f80f30 done
Event: 90.006 Executing VM operation: ParallelGCFailedAllocation


Dynamic libraries:
0x00007ff67e740000 - 0x00007ff67e773000 	C:\Program Files\Java\jdk1.7.0_60\bin\java.exe
0x00007ffa86240000 - 0x00007ffa863ec000 	C:\Windows\SYSTEM32\ntdll.dll
0x00007ffa847b0000 - 0x00007ffa848ee000 	C:\Windows\system32\KERNEL32.DLL
0x00007ffa837a0000 - 0x00007ffa838b5000 	C:\Windows\system32\KERNELBASE.dll
0x00007ffa81470000 - 0x00007ffa814fe000 	C:\Windows\system32\apphelp.dll
0x00007ffa7fd70000 - 0x00007ffa7fdc3000 	C:\Windows\AppPatch\AppPatch64\AcGenral.DLL
0x00007ffa84200000 - 0x00007ffa842aa000 	C:\Windows\system32\msvcrt.dll
0x00007ffa831c0000 - 0x00007ffa831ee000 	C:\Windows\SYSTEM32\SspiCli.dll
0x00007ffa83e30000 - 0x00007ffa83e84000 	C:\Windows\system32\SHLWAPI.dll
0x00007ffa84620000 - 0x00007ffa84797000 	C:\Windows\system32\USER32.dll
0x00007ffa860a0000 - 0x00007ffa86234000 	C:\Windows\system32\ole32.dll
0x00007ffa84950000 - 0x00007ffa85e68000 	C:\Windows\system32\SHELL32.dll
0x00007ffa82930000 - 0x00007ffa82951000 	C:\Windows\SYSTEM32\USERENV.dll
0x00007ffa840b0000 - 0x00007ffa8415a000 	C:\Windows\system32\ADVAPI32.dll
0x00007ffa778e0000 - 0x00007ffa778fe000 	C:\Windows\SYSTEM32\MPR.dll
0x00007ffa83ce0000 - 0x00007ffa83e21000 	C:\Windows\system32\RPCRT4.dll
0x00007ffa848f0000 - 0x00007ffa84949000 	C:\Windows\SYSTEM32\sechost.dll
0x00007ffa83e90000 - 0x00007ffa840a1000 	C:\Windows\SYSTEM32\combase.dll
0x00007ffa842b0000 - 0x00007ffa84401000 	C:\Windows\system32\GDI32.dll
0x00007ffa83390000 - 0x00007ffa833a5000 	C:\Windows\SYSTEM32\profapi.dll
0x00007ffa82280000 - 0x00007ffa82332000 	C:\Windows\SYSTEM32\SHCORE.dll
0x00007ffa86060000 - 0x00007ffa86096000 	C:\Windows\system32\IMM32.DLL
0x00007ffa838c0000 - 0x00007ffa83a11000 	C:\Windows\system32\MSCTF.dll
0x00007ffa823b0000 - 0x00007ffa8262b000 	C:\Windows\WinSxS\amd64_microsoft.windows.common-controls_6595b64144ccf1df_6.0.9600.17415_none_6240486fecbd8abb\COMCTL32.dll
0x0000000059600000 - 0x00000000596d2000 	C:\Program Files\Java\jdk1.7.0_60\jre\bin\msvcr100.dll
0x0000000058e20000 - 0x00000000595f2000 	C:\Program Files\Java\jdk1.7.0_60\jre\bin\server\jvm.dll
0x00007ffa7b770000 - 0x00007ffa7b779000 	C:\Windows\SYSTEM32\WSOCK32.dll
0x00007ffa82680000 - 0x00007ffa826a2000 	C:\Windows\SYSTEM32\WINMM.dll
0x00007ffa841f0000 - 0x00007ffa841f7000 	C:\Windows\system32\PSAPI.DLL
0x00007ffa84160000 - 0x00007ffa841ba000 	C:\Windows\system32\WS2_32.dll
0x00007ffa82650000 - 0x00007ffa8267a000 	C:\Windows\SYSTEM32\WINMMBASE.dll
0x00007ffa841c0000 - 0x00007ffa841c9000 	C:\Windows\system32\NSI.dll
0x00007ffa836a0000 - 0x00007ffa836ef000 	C:\Windows\SYSTEM32\cfgmgr32.dll
0x00007ffa816c0000 - 0x00007ffa816e8000 	C:\Windows\SYSTEM32\DEVOBJ.dll
0x000000005a470000 - 0x000000005a47f000 	C:\Program Files\Java\jdk1.7.0_60\jre\bin\verify.dll
0x000000005a440000 - 0x000000005a468000 	C:\Program Files\Java\jdk1.7.0_60\jre\bin\java.dll
0x000000005a420000 - 0x000000005a435000 	C:\Program Files\Java\jdk1.7.0_60\jre\bin\zip.dll
0x0000000058e00000 - 0x0000000058e19000 	C:\Program Files\Java\jdk1.7.0_60\jre\bin\net.dll
0x00007ffa82ba0000 - 0x00007ffa82bf9000 	C:\Windows\system32\mswsock.dll
0x0000000058de0000 - 0x0000000058df1000 	C:\Program Files\Java\jdk1.7.0_60\jre\bin\nio.dll
0x00007ffa6ef00000 - 0x00007ffa6f08a000 	C:\Windows\SYSTEM32\dbghelp.dll

VM Arguments:
jvm_args: -Dclassworlds.conf=C:\Program Files\apache-maven-3.0.5\bin\m2.conf -Dmaven.home=C:\Program Files\apache-maven-3.0.5 
java_command: org.codehaus.plexus.classworlds.launcher.Launcher spring-boot:run
Launcher Type: SUN_STANDARD

Environment Variables:
JAVA_HOME=C:\Program Files\Java\jdk1.7.0_60
PATH=C:\Windows\system32;C:\Windows;C:\Windows\System32\Wbem;C:\Windows\System32\WindowsPowerShell\v1.0\;C:\Program Files (x86)\nodejs\;C:\Program Files\TortoiseSVN\bin;C:\Program Files\nodejs\;C:\Program Files (x86)\Skype\Phone\;C:\Program Files (x86)\Git\bin;C:\Program Files\Java\jdk1.7.0_60\bin;C:\Program Files\apache-maven-3.0.5\bin;C:\Program Files (x86)\nodejs;C:\Users\kshitija\AppData\Roaming\npm;C:\Program Files\wkhtmltopdf\bin;C:\Program Files\phantomjs;
USERNAME=kshitija
OS=Windows_NT
PROCESSOR_IDENTIFIER=Intel64 Family 6 Model 69 Stepping 1, GenuineIntel



---------------  S Y S T E M  ---------------

OS: Windows 8.1 , 64 bit Build 9600 

CPU:total 4 (2 cores per cpu, 2 threads per core) family 6 model 69 stepping 1, cmov, cx8, fxsr, mmx, sse, sse2, sse3, ssse3, sse4.1, sse4.2, popcnt, avx, avx2, aes, erms, ht, tsc, tscinvbit

Memory: 4k page, physical 4105176k(1858484k free), swap 8299480k(5299220k free)

vm_info: Java HotSpot(TM) 64-Bit Server VM (24.60-b09) for windows-amd64 JRE (1.7.0_60-b19), built on May  7 2014 12:55:18 by "java_re" with unknown MS VC++:1600

time: Mon Apr 06 21:19:01 2015
elapsed time: 92 seconds

